Determining if the pthread_create exist failed with the following output:
Change Dir: /opt/testcode/Boost.Asio/CMakeFiles/CMakeTmp

Run Build Command:"/usr/bin/make" "cmTC_5ef35/fast"
/usr/bin/make -f CMakeFiles/cmTC_5ef35.dir/build.make CMakeFiles/cmTC_5ef35.dir/build
make[1]: Entering directory '/opt/testcode/Boost.Asio/CMakeFiles/CMakeTmp'
Building C object CMakeFiles/cmTC_5ef35.dir/CheckSymbolExists.c.o
/usr/bin/clang    -o CMakeFiles/cmTC_5ef35.dir/CheckSymbolExists.c.o   -c /opt/testcode/Boost.Asio/CMakeFiles/CMakeTmp/CheckSymbolExists.c
Linking C executable cmTC_5ef35
/usr/bin/cmake -E cmake_link_script CMakeFiles/cmTC_5ef35.dir/link.txt --verbose=1
/usr/bin/clang      -rdynamic CMakeFiles/cmTC_5ef35.dir/CheckSymbolExists.c.o  -o cmTC_5ef35 
CMakeFiles/cmTC_5ef35.dir/CheckSymbolExists.c.o: In function `main':
CheckSymbolExists.c:(.text+0x19): undefined reference to `pthread_create'
clang: error: linker command failed with exit code 1 (use -v to see invocation)
CMakeFiles/cmTC_5ef35.dir/build.make:97: recipe for target 'cmTC_5ef35' failed
make[1]: *** [cmTC_5ef35] Error 1
make[1]: Leaving directory '/opt/testcode/Boost.Asio/CMakeFiles/CMakeTmp'
Makefile:126: recipe for target 'cmTC_5ef35/fast' failed
make: *** [cmTC_5ef35/fast] Error 2

File /opt/testcode/Boost.Asio/CMakeFiles/CMakeTmp/CheckSymbolExists.c:
/* */
#include <pthread.h>

int main(int argc, char** argv)
{
  (void)argv;
#ifndef pthread_create
  return ((int*)(&pthread_create))[argc];
#else
  (void)argc;
  return 0;
#endif
}

Determining if the function pthread_create exists in the pthreads failed with the following output:
Change Dir: /opt/testcode/Boost.Asio/CMakeFiles/CMakeTmp

Run Build Command:"/usr/bin/make" "cmTC_7a9fa/fast"
/usr/bin/make -f CMakeFiles/cmTC_7a9fa.dir/build.make CMakeFiles/cmTC_7a9fa.dir/build
make[1]: Entering directory '/opt/testcode/Boost.Asio/CMakeFiles/CMakeTmp'
Building C object CMakeFiles/cmTC_7a9fa.dir/CheckFunctionExists.c.o
/usr/bin/clang   -DCHECK_FUNCTION_EXISTS=pthread_create   -o CMakeFiles/cmTC_7a9fa.dir/CheckFunctionExists.c.o   -c /usr/share/cmake-3.10/Modules/CheckFunctionExists.c
Linking C executable cmTC_7a9fa
/usr/bin/cmake -E cmake_link_script CMakeFiles/cmTC_7a9fa.dir/link.txt --verbose=1
/usr/bin/clang  -DCHECK_FUNCTION_EXISTS=pthread_create    -rdynamic CMakeFiles/cmTC_7a9fa.dir/CheckFunctionExists.c.o  -o cmTC_7a9fa -lpthreads 
/usr/bin/ld: cannot find -lpthreads
clang: error: linker command failed with exit code 1 (use -v to see invocation)
CMakeFiles/cmTC_7a9fa.dir/build.make:97: recipe for target 'cmTC_7a9fa' failed
make[1]: *** [cmTC_7a9fa] Error 1
make[1]: Leaving directory '/opt/testcode/Boost.Asio/CMakeFiles/CMakeTmp'
Makefile:126: recipe for target 'cmTC_7a9fa/fast' failed
make: *** [cmTC_7a9fa/fast] Error 2


Determining if the pthread_kill exist failed with the following output:
Change Dir: /opt/testcode/Boost.Asio/CMakeFiles/CMakeTmp

Run Build Command:"/usr/bin/make" "cmTC_667d4/fast"
/usr/bin/make -f CMakeFiles/cmTC_667d4.dir/build.make CMakeFiles/cmTC_667d4.dir/build
make[1]: Entering directory '/opt/testcode/Boost.Asio/CMakeFiles/CMakeTmp'
Building C object CMakeFiles/cmTC_667d4.dir/CheckSymbolExists.c.o
/usr/bin/clang    -o CMakeFiles/cmTC_667d4.dir/CheckSymbolExists.c.o   -c /opt/testcode/Boost.Asio/CMakeFiles/CMakeTmp/CheckSymbolExists.c
/opt/testcode/Boost.Asio/CMakeFiles/CMakeTmp/CheckSymbolExists.c:8:19: error: use of undeclared identifier 'pthread_kill'; did you mean 'pthread_self'?
  return ((int*)(&pthread_kill))[argc];
                  ^~~~~~~~~~~~
                  pthread_self
/usr/include/pthread.h:276:18: note: 'pthread_self' declared here
extern pthread_t pthread_self (void) __THROW __attribute__ ((__const__));
                 ^
1 error generated.
CMakeFiles/cmTC_667d4.dir/build.make:65: recipe for target 'CMakeFiles/cmTC_667d4.dir/CheckSymbolExists.c.o' failed
make[1]: *** [CMakeFiles/cmTC_667d4.dir/CheckSymbolExists.c.o] Error 1
make[1]: Leaving directory '/opt/testcode/Boost.Asio/CMakeFiles/CMakeTmp'
Makefile:121: recipe for target 'cmTC_667d4/fast' failed
make: *** [cmTC_667d4/fast] Error 2

File /opt/testcode/Boost.Asio/CMakeFiles/CMakeTmp/CheckSymbolExists.c:
/* */
#include <pthread.h>

int main(int argc, char** argv)
{
  (void)argv;
#ifndef pthread_kill
  return ((int*)(&pthread_kill))[argc];
#else
  (void)argc;
  return 0;
#endif
}

